
SQL*Loader: Release 11.2.0.2.0 - Production on Vie Feb 16 19:45:59 2018

Copyright (c) 1982, 2009, Oracle and/or its affiliates.  All rights reserved.

Control File:   moviments.ctl
Data File:      moviments.csv
  Bad File:     moviments.bad
  Discard File:  none specified
 
 (Allow all discards)

Number to load: ALL
Number to skip: 0
Errors allowed: 50
Bind array:     64 rows, maximum of 256000 bytes
Continuation:    none specified
Path used:      Conventional

Table TEMPORAL, loaded from every logical record.
Insert option in effect for this table: APPEND

   Column Name                  Position   Len  Term Encl Datatype
------------------------------ ---------- ----- ---- ---- ---------------------
TEXTE                              1:1000  1000           CHARACTER            


Table TEMPORAL:
  141 Rows successfully loaded.
  0 Rows not loaded due to data errors.
  0 Rows not loaded because all WHEN clauses were failed.
  0 Rows not loaded because all fields were null.


Space allocated for bind array:                  64128 bytes(64 rows)
Read   buffer bytes: 1048576

Total logical records skipped:          0
Total logical records read:           141
Total logical records rejected:         0
Total logical records discarded:        0

Run began on Vie Feb 16 19:45:59 2018
Run ended on Vie Feb 16 19:45:59 2018

Elapsed time was:     00:00:00.19
CPU time was:         00:00:00.02
